<?xml version="1.0" encoding="UTF-8"?>
<!-- Generated by org.testng.reporters.JUnitXMLReporter -->
<testsuite hostname="LAPTOP-F33J5HS6" ignored="0" name="regression testing 1" tests="2" failures="0" timestamp="01 May 2022 19:23:16 GMT" time="8.118" errors="0">
  <testcase name="validatePositiveLogin" time="1.741" classname="sauceDemoTest.Scripts.validateLogin"/>
  <testcase name="validateNegativeLogin" time="1.306" classname="sauceDemoTest.Scripts.validateLogin"/>
</testsuite> <!-- regression testing 1 -->
