<?xml version="1.0" encoding="UTF-8"?>
<!-- Generated by org.testng.reporters.JUnitXMLReporter -->
<testsuite hostname="LAPTOP-F33J5HS6" ignored="0" name="regression testing" tests="5" failures="0" timestamp="30 Apr 2022 11:17:38 GMT" time="11.879" errors="0">
  <testcase name="validatePositiveLogin" time="1.642" classname="sauceDemoTest.Scripts.validateLogin"/>
  <testcase name="enableUsername" time="0.076" classname="sauceDemoTest.Scripts.valiadateLoginElements"/>
  <testcase name="validateNegativeLogin" time="1.332" classname="sauceDemoTest.Scripts.validateLogin"/>
  <testcase name="enablePassword" time="0.063" classname="sauceDemoTest.Scripts.valiadateLoginElements"/>
  <testcase name="enablelogin" time="0.06" classname="sauceDemoTest.Scripts.valiadateLoginElements"/>
</testsuite> <!-- regression testing -->
