<?xml version="1.0" encoding="UTF-8"?>
<!-- Generated by org.testng.reporters.JUnitXMLReporter -->
<testsuite hostname="LAPTOP-F33J5HS6" ignored="0" name="Regression for login and chart2" tests="8" failures="0" timestamp="06 Jul 2022 10:59:07 GMT" time="12.65" errors="0">
  <testcase name="validatePositiveLogin" time="1.359" classname="sauceDemoTest.Scripts.validateLogin"/>
  <testcase name="getFleeceJacket" time="0.044" classname="sauceDemoTest.Scripts.ValidatingChart2"/>
  <testcase name="validateNegativeLogin" time="1.24" classname="sauceDemoTest.Scripts.validateLogin"/>
  <testcase name="validateAddToChartBackPack" time="0.093" classname="sauceDemoTest.Scripts.ValidatingChart2"/>
  <testcase name="validateaddToChartFleeceJacket" time="0.093" classname="sauceDemoTest.Scripts.ValidatingChart2"/>
  <testcase name="getBackPackName" time="0.04" classname="sauceDemoTest.Scripts.ValidatingChart2"/>
  <testcase name="getBoltTshirt" time="0.034" classname="sauceDemoTest.Scripts.ValidatingChart2"/>
  <testcase name="validateaddToChartBoltTshirt" time="0.09" classname="sauceDemoTest.Scripts.ValidatingChart2"/>
</testsuite> <!-- Regression for login and chart2 -->
