<?xml version="1.0" encoding="UTF-8"?>
<!-- Generated by org.testng.reporters.JUnitXMLReporter -->
<testsuite hostname="LAPTOP-F33J5HS6" ignored="0" name="regression testing 2" tests="3" failures="0" timestamp="01 May 2022 19:23:13 GMT" time="5.329" errors="0">
  <testcase name="enableUsername" time="0.086" classname="sauceDemoTest.Scripts.valiadateLoginElements"/>
  <testcase name="enablePassword" time="0.088" classname="sauceDemoTest.Scripts.valiadateLoginElements"/>
  <testcase name="enablelogin" time="0.085" classname="sauceDemoTest.Scripts.valiadateLoginElements"/>
</testsuite> <!-- regression testing 2 -->
