<?xml version="1.0" encoding="UTF-8"?>
<!-- Generated by org.testng.reporters.JUnitXMLReporter -->
<testsuite hostname="LAPTOP-F33J5HS6" ignored="0" name="validation chart2 testing" tests="6" failures="0" timestamp="08 Jul 2022 09:36:15 GMT" time="7.246" errors="0">
  <testcase name="getFleeceJacket" time="0.059" classname="sauceDemoTest.Scripts.ValidatingChart2"/>
  <testcase name="validateAddToChartBackPack" time="0.101" classname="sauceDemoTest.Scripts.ValidatingChart2"/>
  <testcase name="validateaddToChartFleeceJacket" time="0.109" classname="sauceDemoTest.Scripts.ValidatingChart2"/>
  <testcase name="getBackPackName" time="0.065" classname="sauceDemoTest.Scripts.ValidatingChart2"/>
  <testcase name="getBoltTshirt" time="0.06" classname="sauceDemoTest.Scripts.ValidatingChart2"/>
  <testcase name="validateaddToChartBoltTshirt" time="0.13" classname="sauceDemoTest.Scripts.ValidatingChart2"/>
</testsuite> <!-- validation chart2 testing -->
