<?xml version="1.0" encoding="UTF-8"?>
<!-- Generated by org.testng.reporters.JUnitXMLReporter -->
<testsuite hostname="LAPTOP-F33J5HS6" ignored="0" name="validation login testing " tests="2" failures="0" timestamp="08 Jul 2022 09:36:08 GMT" time="7.546" errors="0">
  <testcase name="validatePositiveLogin" time="1.486" classname="sauceDemoTest.Scripts.validateLogin"/>
  <testcase name="validateNegativeLogin" time="1.322" classname="sauceDemoTest.Scripts.validateLogin"/>
</testsuite> <!-- validation login testing  -->
