<?xml version="1.0" encoding="UTF-8"?>
<!-- Generated by org.testng.reporters.JUnitXMLReporter -->
<testsuite ignored="0" hostname="Sam" failures="0" tests="3" name="Default test" time="7.347" errors="0" timestamp="2023-11-22T18:53:46 EST">
  <testcase classname="scripts.HomePageScript" name="careerPath" time="1.09"/>
  <testcase classname="scripts.HomePageScript" name="ownPace" time="0.783"/>
  <testcase classname="scripts.HomePageScript" name="payingJob" time="0.785"/>
</testsuite> <!-- Default test -->
