<?xml version="1.0" encoding="UTF-8"?>
<!-- Generated by org.testng.reporters.JUnitXMLReporter -->
<testsuite ignored="0" hostname="Sam" failures="0" tests="3" name="Default test" time="31.897" errors="0" timestamp="2023-11-22T18:30:42 EST">
  <testcase classname="scripts.HomePageScript" name="careerPath" time="24.986"/>
  <testcase classname="scripts.HomePageScript" name="ownPace" time="0.871"/>
  <testcase classname="scripts.HomePageScript" name="payingJob" time="1.191"/>
</testsuite> <!-- Default test -->
