<?xml version="1.0" encoding="UTF-8"?>
<testng-results ignored="0" total="1" passed="1" failed="0" skipped="0">
  <reporter-output>
  </reporter-output>
  <suite started-at="2023-11-15T18:39:59 EST" name="Default suite" finished-at="2023-11-15T18:40:02 EST" duration-ms="3326">
    <groups>
    </groups>
    <test started-at="2023-11-15T18:39:59 EST" name="Default test" finished-at="2023-11-15T18:40:02 EST" duration-ms="3326">
      <class name="testScripts.HomePage">
        <test-method is-config="true" signature="setup()[pri:0, instance:testScripts.HomePage@2e385cce]" started-at="2023-11-15T18:39:59 EST" name="setup" finished-at="2023-11-15T18:40:02 EST" duration-ms="3019" status="PASS">
          <reporter-output>
          </reporter-output>
        </test-method> <!-- setup -->
        <test-method signature="test()[pri:0, instance:testScripts.HomePage@2e385cce]" started-at="2023-11-15T18:40:02 EST" name="test" finished-at="2023-11-15T18:40:02 EST" duration-ms="6" status="PASS">
          <reporter-output>
          </reporter-output>
        </test-method> <!-- test -->
        <test-method is-config="true" signature="endTest()[pri:0, instance:testScripts.HomePage@2e385cce]" started-at="2023-11-15T18:40:02 EST" name="endTest" finished-at="2023-11-15T18:40:02 EST" duration-ms="243" status="PASS">
          <reporter-output>
          </reporter-output>
        </test-method> <!-- endTest -->
      </class> <!-- testScripts.HomePage -->
    </test> <!-- Default test -->
  </suite> <!-- Default suite -->
</testng-results>
